<?xml version="1.0" encoding="UTF-8"?>
<!-- Generated by org.testng.reporters.JUnitReportReporter -->
<testsuite hostname="ACER-PC" name="altoroTest.AltroLoginTest" tests="1" failures="0" timestamp="6 Nov 2022 12:18:06 GMT" time="58.081" errors="0">
  <testcase name="login" time="58.081" classname="altoroTest.AltroLoginTest"/>
</testsuite> <!-- altoroTest.AltroLoginTest -->
